# JRE version: OpenJDK Runtime Environment Temurin-21.0.8+9 (21.0.8+9) (build 21.0.8+9-LTS)
# Java VM: OpenJDK 64-Bit Server VM Temurin-21.0.8+9 (21.0.8+9-LTS, mixed mode, sharing, tiered, compressed oops, compressed class ptrs, parallel gc, windows-amd64)
GC Precious Log:
 CardTable entry size: 512
 CPUs: 8 total, 8 available
 Memory: 16218M
 Large Page Support: Disabled
 NUMA Support: Disabled
 Compressed Oops: Enabled (32-bit)
 Alignments: Space 512K, Generation 512K, Heap 2M
 Heap Min Capacity: 100M
 Heap Initial Capacity: 100M
 Heap Max Capacity: 2G
 Pre-touch: Disabled
 Parallel Workers: 8
Heap:
 PSYoungGen      total 29696K, used 24365K [0x00000000d5580000, 0x00000000d8100000, 0x0000000100000000)
  eden space 22016K, 77% used [0x00000000d5580000,0x00000000d662f158,0x00000000d6b00000)
  from space 7680K, 94% used [0x00000000d7280000,0x00000000d799c5b8,0x00000000d7a00000)
  to   space 7168K, 0% used [0x00000000d7a00000,0x00000000d7a00000,0x00000000d8100000)
 ParOldGen       total 68608K, used 46582K [0x0000000080000000, 0x0000000084300000, 0x00000000d5580000)
  object space 68608K, 67% used [0x0000000080000000,0x0000000082d7db98,0x0000000084300000)
 Metaspace       used 50711K, committed 52032K, reserved 1114112K
  class space    used 5728K, committed 6272K, reserved 1048576K
GC Heap History (20 events):
Event: 6.685 GC heap before
{Heap before GC invocations=14 (full 1):
 PSYoungGen      total 23040K, used 10874K [0x00000000d5580000, 0x00000000d7200000, 0x0000000100000000)
  eden space 22016K, 44% used [0x00000000d5580000,0x00000000d5f20600,0x00000000d6b00000)
  from space 1024K, 99% used [0x00000000d7100000,0x00000000d71fe4a8,0x00000000d7200000)
  to   space 3584K, 0% used [0x00000000d6b00000,0x00000000d6b00000,0x00000000d6e80000)
 ParOldGen       total 68608K, used 19106K [0x0000000080000000, 0x0000000084300000, 0x00000000d5580000)
  object space 68608K, 27% used [0x0000000080000000,0x00000000812a88f0,0x0000000084300000)
 Metaspace       used 34806K, committed 35840K, reserved 1114112K
  class space    used 3607K, committed 4032K, reserved 1048576K
}
Event: 6.687 GC heap after
{Heap after GC invocations=14 (full 1):
 PSYoungGen      total 25600K, used 746K [0x00000000d5580000, 0x00000000d7180000, 0x0000000100000000)
  eden space 22016K, 0% used [0x00000000d5580000,0x00000000d5580000,0x00000000d6b00000)
  from space 3584K, 20% used [0x00000000d6b00000,0x00000000d6bba8b0,0x00000000d6e80000)
  to   space 2048K, 0% used [0x00000000d6f80000,0x00000000d6f80000,0x00000000d7180000)
 ParOldGen       total 68608K, used 20096K [0x0000000080000000, 0x0000000084300000, 0x00000000d5580000)
  object space 68608K, 29% used [0x0000000080000000,0x00000000813a0260,0x0000000084300000)
 Metaspace       used 34806K, committed 35840K, reserved 1114112K
  class space    used 3607K, committed 4032K, reserved 1048576K
}
Event: 6.687 GC heap before
{Heap before GC invocations=15 (full 2):
 PSYoungGen      total 25600K, used 746K [0x00000000d5580000, 0x00000000d7180000, 0x0000000100000000)
  eden space 22016K, 0% used [0x00000000d5580000,0x00000000d5580000,0x00000000d6b00000)
  from space 3584K, 20% used [0x00000000d6b00000,0x00000000d6bba8b0,0x00000000d6e80000)
  to   space 2048K, 0% used [0x00000000d6f80000,0x00000000d6f80000,0x00000000d7180000)
 ParOldGen       total 68608K, used 20096K [0x0000000080000000, 0x0000000084300000, 0x00000000d5580000)
  object space 68608K, 29% used [0x0000000080000000,0x00000000813a0260,0x0000000084300000)
 Metaspace       used 34806K, committed 35840K, reserved 1114112K
  class space    used 3607K, committed 4032K, reserved 1048576K
}
Event: 6.719 GC heap after
{Heap after GC invocations=15 (full 2):
 PSYoungGen      total 25600K, used 0K [0x00000000d5580000, 0x00000000d7180000, 0x0000000100000000)
  eden space 22016K, 0% used [0x00000000d5580000,0x00000000d5580000,0x00000000d6b00000)
  from space 3584K, 0% used [0x00000000d6b00000,0x00000000d6b00000,0x00000000d6e80000)
  to   space 2048K, 0% used [0x00000000d6f80000,0x00000000d6f80000,0x00000000d7180000)
 ParOldGen       total 68608K, used 19917K [0x0000000080000000, 0x0000000084300000, 0x00000000d5580000)
  object space 68608K, 29% used [0x0000000080000000,0x0000000081373468,0x0000000084300000)
 Metaspace       used 34806K, committed 35840K, reserved 1114112K
  class space    used 3607K, committed 4032K, reserved 1048576K
}
Event: 6.944 GC heap before
{Heap before GC invocations=16 (full 2):
 PSYoungGen      total 25600K, used 22016K [0x00000000d5580000, 0x00000000d7180000, 0x0000000100000000)
  eden space 22016K, 100% used [0x00000000d5580000,0x00000000d6b00000,0x00000000d6b00000)
  from space 3584K, 0% used [0x00000000d6b00000,0x00000000d6b00000,0x00000000d6e80000)
  to   space 2048K, 0% used [0x00000000d6f80000,0x00000000d6f80000,0x00000000d7180000)
 ParOldGen       total 68608K, used 19917K [0x0000000080000000, 0x0000000084300000, 0x00000000d5580000)
  object space 68608K, 29% used [0x0000000080000000,0x0000000081373468,0x0000000084300000)
 Metaspace       used 36799K, committed 38016K, reserved 1114112K
  class space    used 3872K, committed 4416K, reserved 1048576K
}
Event: 6.946 GC heap after
{Heap after GC invocations=16 (full 2):
 PSYoungGen      total 24064K, used 1952K [0x00000000d5580000, 0x00000000d7180000, 0x0000000100000000)
  eden space 22016K, 0% used [0x00000000d5580000,0x00000000d5580000,0x00000000d6b00000)
  from space 2048K, 95% used [0x00000000d6f80000,0x00000000d7168000,0x00000000d7180000)
  to   space 2560K, 0% used [0x00000000d6c80000,0x00000000d6c80000,0x00000000d6f00000)
 ParOldGen       total 68608K, used 19925K [0x0000000080000000, 0x0000000084300000, 0x00000000d5580000)
  object space 68608K, 29% used [0x0000000080000000,0x0000000081375468,0x0000000084300000)
 Metaspace       used 36799K, committed 38016K, reserved 1114112K
  class space    used 3872K, committed 4416K, reserved 1048576K
}
Event: 7.166 GC heap before
{Heap before GC invocations=17 (full 2):
 PSYoungGen      total 24064K, used 23968K [0x00000000d5580000, 0x00000000d7180000, 0x0000000100000000)
  eden space 22016K, 100% used [0x00000000d5580000,0x00000000d6b00000,0x00000000d6b00000)
  from space 2048K, 95% used [0x00000000d6f80000,0x00000000d7168000,0x00000000d7180000)
  to   space 2560K, 0% used [0x00000000d6c80000,0x00000000d6c80000,0x00000000d6f00000)
 ParOldGen       total 68608K, used 19925K [0x0000000080000000, 0x0000000084300000, 0x00000000d5580000)
  object space 68608K, 29% used [0x0000000080000000,0x0000000081375468,0x0000000084300000)
 Metaspace       used 38521K, committed 39744K, reserved 1114112K
  class space    used 4103K, committed 4608K, reserved 1048576K
}
Event: 7.169 GC heap after
{Heap after GC invocations=17 (full 2):
 PSYoungGen      total 24064K, used 1568K [0x00000000d5580000, 0x00000000d7000000, 0x0000000100000000)
  eden space 22016K, 0% used [0x00000000d5580000,0x00000000d5580000,0x00000000d6b00000)
  from space 2048K, 76% used [0x00000000d6c80000,0x00000000d6e08000,0x00000000d6e80000)
  to   space 1536K, 0% used [0x00000000d6e80000,0x00000000d6e80000,0x00000000d7000000)
 ParOldGen       total 68608K, used 21653K [0x0000000080000000, 0x0000000084300000, 0x00000000d5580000)
  object space 68608K, 31% used [0x0000000080000000,0x00000000815254a8,0x0000000084300000)
 Metaspace       used 38521K, committed 39744K, reserved 1114112K
  class space    used 4103K, committed 4608K, reserved 1048576K
}
Event: 7.406 GC heap before
{Heap before GC invocations=18 (full 2):
 PSYoungGen      total 24064K, used 23584K [0x00000000d5580000, 0x00000000d7000000, 0x0000000100000000)
  eden space 22016K, 100% used [0x00000000d5580000,0x00000000d6b00000,0x00000000d6b00000)
  from space 2048K, 76% used [0x00000000d6c80000,0x00000000d6e08000,0x00000000d6e80000)
  to   space 1536K, 0% used [0x00000000d6e80000,0x00000000d6e80000,0x00000000d7000000)
 ParOldGen       total 68608K, used 21653K [0x0000000080000000, 0x0000000084300000, 0x00000000d5580000)
  object space 68608K, 31% used [0x0000000080000000,0x00000000815254a8,0x0000000084300000)
 Metaspace       used 40773K, committed 41984K, reserved 1114112K
  class space    used 4351K, committed 4864K, reserved 1048576K
}
Event: 7.408 GC heap after
{Heap after GC invocations=18 (full 2):
 PSYoungGen      total 23552K, used 1463K [0x00000000d5580000, 0x00000000d7000000, 0x0000000100000000)
  eden space 22016K, 0% used [0x00000000d5580000,0x00000000d5580000,0x00000000d6b00000)
  from space 1536K, 95% used [0x00000000d6e80000,0x00000000d6fedef0,0x00000000d7000000)
  to   space 1536K, 0% used [0x00000000d6d00000,0x00000000d6d00000,0x00000000d6e80000)
 ParOldGen       total 68608K, used 22998K [0x0000000080000000, 0x0000000084300000, 0x00000000d5580000)
  object space 68608K, 33% used [0x0000000080000000,0x0000000081675800,0x0000000084300000)
 Metaspace       used 40773K, committed 41984K, reserved 1114112K
  class space    used 4351K, committed 4864K, reserved 1048576K
}
Event: 7.745 GC heap before
{Heap before GC invocations=19 (full 2):
 PSYoungGen      total 23552K, used 23479K [0x00000000d5580000, 0x00000000d7000000, 0x0000000100000000)
  eden space 22016K, 100% used [0x00000000d5580000,0x00000000d6b00000,0x00000000d6b00000)
  from space 1536K, 95% used [0x00000000d6e80000,0x00000000d6fedef0,0x00000000d7000000)
  to   space 1536K, 0% used [0x00000000d6d00000,0x00000000d6d00000,0x00000000d6e80000)
 ParOldGen       total 68608K, used 22998K [0x0000000080000000, 0x0000000084300000, 0x00000000d5580000)
  object space 68608K, 33% used [0x0000000080000000,0x0000000081675800,0x0000000084300000)
 Metaspace       used 43002K, committed 44224K, reserved 1114112K
  class space    used 4631K, committed 5184K, reserved 1048576K
}
Event: 7.749 GC heap after
{Heap after GC invocations=19 (full 2):
 PSYoungGen      total 23552K, used 1536K [0x00000000d5580000, 0x00000000d7100000, 0x0000000100000000)
  eden space 22016K, 0% used [0x00000000d5580000,0x00000000d5580000,0x00000000d6b00000)
  from space 1536K, 100% used [0x00000000d6d00000,0x00000000d6e80000,0x00000000d6e80000)
  to   space 2560K, 0% used [0x00000000d6e80000,0x00000000d6e80000,0x00000000d7100000)
 ParOldGen       total 68608K, used 24275K [0x0000000080000000, 0x0000000084300000, 0x00000000d5580000)
  object space 68608K, 35% used [0x0000000080000000,0x00000000817b4f98,0x0000000084300000)
 Metaspace       used 43002K, committed 44224K, reserved 1114112K
  class space    used 4631K, committed 5184K, reserved 1048576K
}
Event: 8.338 GC heap before
{Heap before GC invocations=20 (full 2):
 PSYoungGen      total 23552K, used 23552K [0x00000000d5580000, 0x00000000d7100000, 0x0000000100000000)
  eden space 22016K, 100% used [0x00000000d5580000,0x00000000d6b00000,0x00000000d6b00000)
  from space 1536K, 100% used [0x00000000d6d00000,0x00000000d6e80000,0x00000000d6e80000)
  to   space 2560K, 0% used [0x00000000d6e80000,0x00000000d6e80000,0x00000000d7100000)
 ParOldGen       total 68608K, used 24275K [0x0000000080000000, 0x0000000084300000, 0x00000000d5580000)
  object space 68608K, 35% used [0x0000000080000000,0x00000000817b4f98,0x0000000084300000)
 Metaspace       used 45705K, committed 46976K, reserved 1114112K
  class space    used 4978K, committed 5504K, reserved 1048576K
}
Event: 8.341 GC heap after
{Heap after GC invocations=20 (full 2):
 PSYoungGen      total 24064K, used 2016K [0x00000000d5580000, 0x00000000d7080000, 0x0000000100000000)
  eden space 22016K, 0% used [0x00000000d5580000,0x00000000d5580000,0x00000000d6b00000)
  from space 2048K, 98% used [0x00000000d6e80000,0x00000000d7078000,0x00000000d7080000)
  to   space 2560K, 0% used [0x00000000d6b80000,0x00000000d6b80000,0x00000000d6e00000)
 ParOldGen       total 68608K, used 25847K [0x0000000080000000, 0x0000000084300000, 0x00000000d5580000)
  object space 68608K, 37% used [0x0000000080000000,0x000000008193dca8,0x0000000084300000)
 Metaspace       used 45705K, committed 46976K, reserved 1114112K
  class space    used 4978K, committed 5504K, reserved 1048576K
}
Event: 8.609 GC heap before
{Heap before GC invocations=21 (full 2):
 PSYoungGen      total 24064K, used 24032K [0x00000000d5580000, 0x00000000d7080000, 0x0000000100000000)
  eden space 22016K, 100% used [0x00000000d5580000,0x00000000d6b00000,0x00000000d6b00000)
  from space 2048K, 98% used [0x00000000d6e80000,0x00000000d7078000,0x00000000d7080000)
  to   space 2560K, 0% used [0x00000000d6b80000,0x00000000d6b80000,0x00000000d6e00000)
 ParOldGen       total 68608K, used 25847K [0x0000000080000000, 0x0000000084300000, 0x00000000d5580000)
  object space 68608K, 37% used [0x0000000080000000,0x000000008193dca8,0x0000000084300000)
 Metaspace       used 46182K, committed 47424K, reserved 1114112K
  class space    used 5033K, committed 5568K, reserved 1048576K
}
Event: 8.616 GC heap after
{Heap after GC invocations=21 (full 2):
 PSYoungGen      total 24576K, used 2539K [0x00000000d5580000, 0x00000000d9600000, 0x0000000100000000)
  eden space 22016K, 0% used [0x00000000d5580000,0x00000000d5580000,0x00000000d6b00000)
  from space 2560K, 99% used [0x00000000d6b80000,0x00000000d6dfaef8,0x00000000d6e00000)
  to   space 22016K, 0% used [0x00000000d8080000,0x00000000d8080000,0x00000000d9600000)
 ParOldGen       total 68608K, used 42171K [0x0000000080000000, 0x0000000084300000, 0x00000000d5580000)
  object space 68608K, 61% used [0x0000000080000000,0x000000008292edc8,0x0000000084300000)
 Metaspace       used 46182K, committed 47424K, reserved 1114112K
  class space    used 5033K, committed 5568K, reserved 1048576K
}
Event: 10.159 GC heap before
{Heap before GC invocations=22 (full 2):
 PSYoungGen      total 24576K, used 24555K [0x00000000d5580000, 0x00000000d9600000, 0x0000000100000000)
  eden space 22016K, 100% used [0x00000000d5580000,0x00000000d6b00000,0x00000000d6b00000)
  from space 2560K, 99% used [0x00000000d6b80000,0x00000000d6dfaef8,0x00000000d6e00000)
  to   space 22016K, 0% used [0x00000000d8080000,0x00000000d8080000,0x00000000d9600000)
 ParOldGen       total 68608K, used 42171K [0x0000000080000000, 0x0000000084300000, 0x00000000d5580000)
  object space 68608K, 61% used [0x0000000080000000,0x000000008292edc8,0x0000000084300000)
 Metaspace       used 47743K, committed 48896K, reserved 1114112K
  class space    used 5218K, committed 5696K, reserved 1048576K
}
Event: 10.162 GC heap after
{Heap after GC invocations=22 (full 2):
 PSYoungGen      total 24064K, used 1984K [0x00000000d5580000, 0x00000000d8280000, 0x0000000100000000)
  eden space 22016K, 0% used [0x00000000d5580000,0x00000000d5580000,0x00000000d6b00000)
  from space 2048K, 96% used [0x00000000d8080000,0x00000000d8270000,0x00000000d8280000)
  to   space 8192K, 0% used [0x00000000d7280000,0x00000000d7280000,0x00000000d7a80000)
 ParOldGen       total 68608K, used 44707K [0x0000000080000000, 0x0000000084300000, 0x00000000d5580000)
  object space 68608K, 65% used [0x0000000080000000,0x0000000082ba8f30,0x0000000084300000)
 Metaspace       used 47743K, committed 48896K, reserved 1114112K
  class space    used 5218K, committed 5696K, reserved 1048576K
}
Event: 10.618 GC heap before
{Heap before GC invocations=23 (full 2):
 PSYoungGen      total 24064K, used 23711K [0x00000000d5580000, 0x00000000d8280000, 0x0000000100000000)
  eden space 22016K, 98% used [0x00000000d5580000,0x00000000d6ab7da0,0x00000000d6b00000)
  from space 2048K, 96% used [0x00000000d8080000,0x00000000d8270000,0x00000000d8280000)
  to   space 8192K, 0% used [0x00000000d7280000,0x00000000d7280000,0x00000000d7a80000)
 ParOldGen       total 68608K, used 44707K [0x0000000080000000, 0x0000000084300000, 0x00000000d5580000)
  object space 68608K, 65% used [0x0000000080000000,0x0000000082ba8f30,0x0000000084300000)
 Metaspace       used 49267K, committed 50496K, reserved 1114112K
  class space    used 5466K, committed 6016K, reserved 1048576K
}
Event: 10.620 GC heap after
{Heap after GC invocations=23 (full 2):
 PSYoungGen      total 29696K, used 7281K [0x00000000d5580000, 0x00000000d8100000, 0x0000000100000000)
  eden space 22016K, 0% used [0x00000000d5580000,0x00000000d5580000,0x00000000d6b00000)
  from space 7680K, 94% used [0x00000000d7280000,0x00000000d799c5b8,0x00000000d7a00000)
  to   space 7168K, 0% used [0x00000000d7a00000,0x00000000d7a00000,0x00000000d8100000)
 ParOldGen       total 68608K, used 46582K [0x0000000080000000, 0x0000000084300000, 0x00000000d5580000)
  object space 68608K, 67% used [0x0000000080000000,0x0000000082d7db98,0x0000000084300000)
 Metaspace       used 49267K, committed 50496K, reserved 1114112K
  class space    used 5466K, committed 6016K, reserved 1048576K
}

