# JRE version: OpenJDK Runtime Environment Temurin-21.0.8+9 (21.0.8+9) (build 21.0.8+9-LTS)
# Java VM: OpenJDK 64-Bit Server VM Temurin-21.0.8+9 (21.0.8+9-LTS, mixed mode, sharing, tiered, compressed oops, compressed class ptrs, parallel gc, windows-amd64)
GC Precious Log:
 CardTable entry size: 512
 CPUs: 8 total, 8 available
 Memory: 16218M
 Large Page Support: Disabled
 NUMA Support: Disabled
 Compressed Oops: Enabled (32-bit)
 Alignments: Space 512K, Generation 512K, Heap 2M
 Heap Min Capacity: 100M
 Heap Initial Capacity: 100M
 Heap Max Capacity: 2G
 Pre-touch: Disabled
 Parallel Workers: 8
Heap:
 PSYoungGen      total 13824K, used 497K [0x00000000d5580000, 0x00000000d6500000, 0x0000000100000000)
  eden space 13312K, 0% used [0x00000000d5580000,0x00000000d5580000,0x00000000d6280000)
  from space 512K, 97% used [0x00000000d6480000,0x00000000d64fc4f0,0x00000000d6500000)
  to   space 1024K, 0% used [0x00000000d6300000,0x00000000d6300000,0x00000000d6400000)
 ParOldGen       total 163840K, used 163771K [0x0000000080000000, 0x000000008a000000, 0x00000000d5580000)
  object space 163840K, 99% used [0x0000000080000000,0x0000000089feefb8,0x000000008a000000)
 Metaspace       used 78826K, committed 80512K, reserved 1179648K
  class space    used 8852K, committed 9600K, reserved 1048576K
GC Heap History (20 events):
Event: 15.124 GC heap after
{Heap after GC invocations=223 (full 3):
 PSYoungGen      total 14336K, used 936K [0x00000000d5580000, 0x00000000d6580000, 0x0000000100000000)
  eden space 13312K, 0% used [0x00000000d5580000,0x00000000d5580000,0x00000000d6280000)
  from space 1024K, 91% used [0x00000000d6480000,0x00000000d656a308,0x00000000d6580000)
  to   space 1536K, 0% used [0x00000000d6280000,0x00000000d6280000,0x00000000d6400000)
 ParOldGen       total 156672K, used 156365K [0x0000000080000000, 0x0000000089900000, 0x00000000d5580000)
  object space 156672K, 99% used [0x0000000080000000,0x00000000898b3710,0x0000000089900000)
 Metaspace       used 77350K, committed 78976K, reserved 1179648K
  class space    used 8717K, committed 9472K, reserved 1048576K
}
Event: 15.240 GC heap before
{Heap before GC invocations=224 (full 3):
 PSYoungGen      total 14336K, used 14248K [0x00000000d5580000, 0x00000000d6580000, 0x0000000100000000)
  eden space 13312K, 100% used [0x00000000d5580000,0x00000000d6280000,0x00000000d6280000)
  from space 1024K, 91% used [0x00000000d6480000,0x00000000d656a308,0x00000000d6580000)
  to   space 1536K, 0% used [0x00000000d6280000,0x00000000d6280000,0x00000000d6400000)
 ParOldGen       total 156672K, used 156365K [0x0000000080000000, 0x0000000089900000, 0x00000000d5580000)
  object space 156672K, 99% used [0x0000000080000000,0x00000000898b3710,0x0000000089900000)
 Metaspace       used 77609K, committed 79296K, reserved 1179648K
  class space    used 8736K, committed 9536K, reserved 1048576K
}
Event: 15.242 GC heap after
{Heap after GC invocations=224 (full 3):
 PSYoungGen      total 14848K, used 1529K [0x00000000d5580000, 0x00000000d6880000, 0x0000000100000000)
  eden space 13312K, 0% used [0x00000000d5580000,0x00000000d5580000,0x00000000d6280000)
  from space 1536K, 99% used [0x00000000d6280000,0x00000000d63fe5a8,0x00000000d6400000)
  to   space 3072K, 0% used [0x00000000d6580000,0x00000000d6580000,0x00000000d6880000)
 ParOldGen       total 157696K, used 157283K [0x0000000080000000, 0x0000000089a00000, 0x00000000d5580000)
  object space 157696K, 99% used [0x0000000080000000,0x0000000089998fc0,0x0000000089a00000)
 Metaspace       used 77609K, committed 79296K, reserved 1179648K
  class space    used 8736K, committed 9536K, reserved 1048576K
}
Event: 15.362 GC heap before
{Heap before GC invocations=225 (full 3):
 PSYoungGen      total 14848K, used 14841K [0x00000000d5580000, 0x00000000d6880000, 0x0000000100000000)
  eden space 13312K, 100% used [0x00000000d5580000,0x00000000d6280000,0x00000000d6280000)
  from space 1536K, 99% used [0x00000000d6280000,0x00000000d63fe5a8,0x00000000d6400000)
  to   space 3072K, 0% used [0x00000000d6580000,0x00000000d6580000,0x00000000d6880000)
 ParOldGen       total 157696K, used 157283K [0x0000000080000000, 0x0000000089a00000, 0x00000000d5580000)
  object space 157696K, 99% used [0x0000000080000000,0x0000000089998fc0,0x0000000089a00000)
 Metaspace       used 78076K, committed 79808K, reserved 1179648K
  class space    used 8766K, committed 9536K, reserved 1048576K
}
Event: 15.364 GC heap after
{Heap after GC invocations=225 (full 3):
 PSYoungGen      total 14848K, used 1321K [0x00000000d5580000, 0x00000000d6700000, 0x0000000100000000)
  eden space 13312K, 0% used [0x00000000d5580000,0x00000000d5580000,0x00000000d6280000)
  from space 1536K, 86% used [0x00000000d6580000,0x00000000d66ca400,0x00000000d6700000)
  to   space 2048K, 0% used [0x00000000d6300000,0x00000000d6300000,0x00000000d6500000)
 ParOldGen       total 158208K, used 157869K [0x0000000080000000, 0x0000000089a80000, 0x00000000d5580000)
  object space 158208K, 99% used [0x0000000080000000,0x0000000089a2b720,0x0000000089a80000)
 Metaspace       used 78076K, committed 79808K, reserved 1179648K
  class space    used 8766K, committed 9536K, reserved 1048576K
}
Event: 15.454 GC heap before
{Heap before GC invocations=226 (full 3):
 PSYoungGen      total 14848K, used 14633K [0x00000000d5580000, 0x00000000d6700000, 0x0000000100000000)
  eden space 13312K, 100% used [0x00000000d5580000,0x00000000d6280000,0x00000000d6280000)
  from space 1536K, 86% used [0x00000000d6580000,0x00000000d66ca400,0x00000000d6700000)
  to   space 2048K, 0% used [0x00000000d6300000,0x00000000d6300000,0x00000000d6500000)
 ParOldGen       total 158208K, used 157869K [0x0000000080000000, 0x0000000089a80000, 0x00000000d5580000)
  object space 158208K, 99% used [0x0000000080000000,0x0000000089a2b720,0x0000000089a80000)
 Metaspace       used 78718K, committed 80384K, reserved 1179648K
  class space    used 8840K, committed 9600K, reserved 1048576K
}
Event: 15.456 GC heap after
{Heap after GC invocations=226 (full 3):
 PSYoungGen      total 14336K, used 992K [0x00000000d5580000, 0x00000000d6600000, 0x0000000100000000)
  eden space 13312K, 0% used [0x00000000d5580000,0x00000000d5580000,0x00000000d6280000)
  from space 1024K, 96% used [0x00000000d6300000,0x00000000d63f8000,0x00000000d6400000)
  to   space 1536K, 0% used [0x00000000d6480000,0x00000000d6480000,0x00000000d6600000)
 ParOldGen       total 158720K, used 158615K [0x0000000080000000, 0x0000000089b00000, 0x00000000d5580000)
  object space 158720K, 99% used [0x0000000080000000,0x0000000089ae5e50,0x0000000089b00000)
 Metaspace       used 78718K, committed 80384K, reserved 1179648K
  class space    used 8840K, committed 9600K, reserved 1048576K
}
Event: 15.504 GC heap before
{Heap before GC invocations=227 (full 3):
 PSYoungGen      total 14336K, used 14304K [0x00000000d5580000, 0x00000000d6600000, 0x0000000100000000)
  eden space 13312K, 100% used [0x00000000d5580000,0x00000000d6280000,0x00000000d6280000)
  from space 1024K, 96% used [0x00000000d6300000,0x00000000d63f8000,0x00000000d6400000)
  to   space 1536K, 0% used [0x00000000d6480000,0x00000000d6480000,0x00000000d6600000)
 ParOldGen       total 158720K, used 158615K [0x0000000080000000, 0x0000000089b00000, 0x00000000d5580000)
  object space 158720K, 99% used [0x0000000080000000,0x0000000089ae5e50,0x0000000089b00000)
 Metaspace       used 78804K, committed 80512K, reserved 1179648K
  class space    used 8852K, committed 9600K, reserved 1048576K
}
Event: 15.506 GC heap after
{Heap after GC invocations=227 (full 3):
 PSYoungGen      total 13824K, used 288K [0x00000000d5580000, 0x00000000d6500000, 0x0000000100000000)
  eden space 13312K, 0% used [0x00000000d5580000,0x00000000d5580000,0x00000000d6280000)
  from space 512K, 56% used [0x00000000d6480000,0x00000000d64c8000,0x00000000d6500000)
  to   space 1024K, 0% used [0x00000000d6300000,0x00000000d6300000,0x00000000d6400000)
 ParOldGen       total 159744K, used 159399K [0x0000000080000000, 0x0000000089c00000, 0x00000000d5580000)
  object space 159744K, 99% used [0x0000000080000000,0x0000000089ba9e50,0x0000000089c00000)
 Metaspace       used 78804K, committed 80512K, reserved 1179648K
  class space    used 8852K, committed 9600K, reserved 1048576K
}
Event: 15.597 GC heap before
{Heap before GC invocations=228 (full 3):
 PSYoungGen      total 13824K, used 13600K [0x00000000d5580000, 0x00000000d6500000, 0x0000000100000000)
  eden space 13312K, 100% used [0x00000000d5580000,0x00000000d6280000,0x00000000d6280000)
  from space 512K, 56% used [0x00000000d6480000,0x00000000d64c8000,0x00000000d6500000)
  to   space 1024K, 0% used [0x00000000d6300000,0x00000000d6300000,0x00000000d6400000)
 ParOldGen       total 159744K, used 159399K [0x0000000080000000, 0x0000000089c00000, 0x00000000d5580000)
  object space 159744K, 99% used [0x0000000080000000,0x0000000089ba9e50,0x0000000089c00000)
 Metaspace       used 78805K, committed 80512K, reserved 1179648K
  class space    used 8852K, committed 9600K, reserved 1048576K
}
Event: 15.598 GC heap after
{Heap after GC invocations=228 (full 3):
 PSYoungGen      total 14336K, used 160K [0x00000000d5580000, 0x00000000d6500000, 0x0000000100000000)
  eden space 13312K, 0% used [0x00000000d5580000,0x00000000d5580000,0x00000000d6280000)
  from space 1024K, 15% used [0x00000000d6300000,0x00000000d6328000,0x00000000d6400000)
  to   space 512K, 0% used [0x00000000d6480000,0x00000000d6480000,0x00000000d6500000)
 ParOldGen       total 159744K, used 159575K [0x0000000080000000, 0x0000000089c00000, 0x00000000d5580000)
  object space 159744K, 99% used [0x0000000080000000,0x0000000089bd5e50,0x0000000089c00000)
 Metaspace       used 78805K, committed 80512K, reserved 1179648K
  class space    used 8852K, committed 9600K, reserved 1048576K
}
Event: 15.826 GC heap before
{Heap before GC invocations=229 (full 3):
 PSYoungGen      total 14336K, used 13472K [0x00000000d5580000, 0x00000000d6500000, 0x0000000100000000)
  eden space 13312K, 100% used [0x00000000d5580000,0x00000000d6280000,0x00000000d6280000)
  from space 1024K, 15% used [0x00000000d6300000,0x00000000d6328000,0x00000000d6400000)
  to   space 512K, 0% used [0x00000000d6480000,0x00000000d6480000,0x00000000d6500000)
 ParOldGen       total 159744K, used 159575K [0x0000000080000000, 0x0000000089c00000, 0x00000000d5580000)
  object space 159744K, 99% used [0x0000000080000000,0x0000000089bd5e50,0x0000000089c00000)
 Metaspace       used 78824K, committed 80512K, reserved 1179648K
  class space    used 8852K, committed 9600K, reserved 1048576K
}
Event: 15.827 GC heap after
{Heap after GC invocations=229 (full 3):
 PSYoungGen      total 13824K, used 512K [0x00000000d5580000, 0x00000000d6500000, 0x0000000100000000)
  eden space 13312K, 0% used [0x00000000d5580000,0x00000000d5580000,0x00000000d6280000)
  from space 512K, 100% used [0x00000000d6480000,0x00000000d6500000,0x00000000d6500000)
  to   space 1024K, 0% used [0x00000000d6300000,0x00000000d6300000,0x00000000d6400000)
 ParOldGen       total 159744K, used 159647K [0x0000000080000000, 0x0000000089c00000, 0x00000000d5580000)
  object space 159744K, 99% used [0x0000000080000000,0x0000000089be7e50,0x0000000089c00000)
 Metaspace       used 78824K, committed 80512K, reserved 1179648K
  class space    used 8852K, committed 9600K, reserved 1048576K
}
Event: 15.864 GC heap before
{Heap before GC invocations=230 (full 3):
 PSYoungGen      total 13824K, used 13824K [0x00000000d5580000, 0x00000000d6500000, 0x0000000100000000)
  eden space 13312K, 100% used [0x00000000d5580000,0x00000000d6280000,0x00000000d6280000)
  from space 512K, 100% used [0x00000000d6480000,0x00000000d6500000,0x00000000d6500000)
  to   space 1024K, 0% used [0x00000000d6300000,0x00000000d6300000,0x00000000d6400000)
 ParOldGen       total 159744K, used 159647K [0x0000000080000000, 0x0000000089c00000, 0x00000000d5580000)
  object space 159744K, 99% used [0x0000000080000000,0x0000000089be7e50,0x0000000089c00000)
 Metaspace       used 78824K, committed 80512K, reserved 1179648K
  class space    used 8852K, committed 9600K, reserved 1048576K
}
Event: 15.865 GC heap after
{Heap after GC invocations=230 (full 3):
 PSYoungGen      total 14336K, used 288K [0x00000000d5580000, 0x00000000d6500000, 0x0000000100000000)
  eden space 13312K, 0% used [0x00000000d5580000,0x00000000d5580000,0x00000000d6280000)
  from space 1024K, 28% used [0x00000000d6300000,0x00000000d6348000,0x00000000d6400000)
  to   space 512K, 0% used [0x00000000d6480000,0x00000000d6480000,0x00000000d6500000)
 ParOldGen       total 160256K, used 160119K [0x0000000080000000, 0x0000000089c80000, 0x00000000d5580000)
  object space 160256K, 99% used [0x0000000080000000,0x0000000089c5de50,0x0000000089c80000)
 Metaspace       used 78824K, committed 80512K, reserved 1179648K
  class space    used 8852K, committed 9600K, reserved 1048576K
}
Event: 16.186 GC heap before
{Heap before GC invocations=231 (full 3):
 PSYoungGen      total 14336K, used 13600K [0x00000000d5580000, 0x00000000d6500000, 0x0000000100000000)
  eden space 13312K, 100% used [0x00000000d5580000,0x00000000d6280000,0x00000000d6280000)
  from space 1024K, 28% used [0x00000000d6300000,0x00000000d6348000,0x00000000d6400000)
  to   space 512K, 0% used [0x00000000d6480000,0x00000000d6480000,0x00000000d6500000)
 ParOldGen       total 160256K, used 160119K [0x0000000080000000, 0x0000000089c80000, 0x00000000d5580000)
  object space 160256K, 99% used [0x0000000080000000,0x0000000089c5de50,0x0000000089c80000)
 Metaspace       used 78826K, committed 80512K, reserved 1179648K
  class space    used 8852K, committed 9600K, reserved 1048576K
}
Event: 16.187 GC heap after
{Heap after GC invocations=231 (full 3):
 PSYoungGen      total 13824K, used 512K [0x00000000d5580000, 0x00000000d6500000, 0x0000000100000000)
  eden space 13312K, 0% used [0x00000000d5580000,0x00000000d5580000,0x00000000d6280000)
  from space 512K, 100% used [0x00000000d6480000,0x00000000d6500000,0x00000000d6500000)
  to   space 1024K, 0% used [0x00000000d6300000,0x00000000d6300000,0x00000000d6400000)
 ParOldGen       total 160256K, used 160231K [0x0000000080000000, 0x0000000089c80000, 0x00000000d5580000)
  object space 160256K, 99% used [0x0000000080000000,0x0000000089c79e50,0x0000000089c80000)
 Metaspace       used 78826K, committed 80512K, reserved 1179648K
  class space    used 8852K, committed 9600K, reserved 1048576K
}
Event: 16.230 GC heap before
{Heap before GC invocations=232 (full 3):
 PSYoungGen      total 13824K, used 13543K [0x00000000d5580000, 0x00000000d6500000, 0x0000000100000000)
  eden space 13312K, 97% used [0x00000000d5580000,0x00000000d6239d08,0x00000000d6280000)
  from space 512K, 100% used [0x00000000d6480000,0x00000000d6500000,0x00000000d6500000)
  to   space 1024K, 0% used [0x00000000d6300000,0x00000000d6300000,0x00000000d6400000)
 ParOldGen       total 160256K, used 160231K [0x0000000080000000, 0x0000000089c80000, 0x00000000d5580000)
  object space 160256K, 99% used [0x0000000080000000,0x0000000089c79e50,0x0000000089c80000)
 Metaspace       used 78826K, committed 80512K, reserved 1179648K
  class space    used 8852K, committed 9600K, reserved 1048576K
}
Event: 16.231 GC heap after
{Heap after GC invocations=232 (full 3):
 PSYoungGen      total 14336K, used 224K [0x00000000d5580000, 0x00000000d6500000, 0x0000000100000000)
  eden space 13312K, 0% used [0x00000000d5580000,0x00000000d5580000,0x00000000d6280000)
  from space 1024K, 21% used [0x00000000d6300000,0x00000000d6338000,0x00000000d6400000)
  to   space 512K, 0% used [0x00000000d6480000,0x00000000d6480000,0x00000000d6500000)
 ParOldGen       total 160768K, used 160679K [0x0000000080000000, 0x0000000089d00000, 0x00000000d5580000)
  object space 160768K, 99% used [0x0000000080000000,0x0000000089ce9e50,0x0000000089d00000)
 Metaspace       used 78826K, committed 80512K, reserved 1179648K
  class space    used 8852K, committed 9600K, reserved 1048576K
}
Event: 16.259 GC heap before
{Heap before GC invocations=233 (full 3):
 PSYoungGen      total 14336K, used 13314K [0x00000000d5580000, 0x00000000d6500000, 0x0000000100000000)
  eden space 13312K, 98% used [0x00000000d5580000,0x00000000d62488a0,0x00000000d6280000)
  from space 1024K, 21% used [0x00000000d6300000,0x00000000d6338000,0x00000000d6400000)
  to   space 512K, 0% used [0x00000000d6480000,0x00000000d6480000,0x00000000d6500000)
 ParOldGen       total 160768K, used 160679K [0x0000000080000000, 0x0000000089d00000, 0x00000000d5580000)
  object space 160768K, 99% used [0x0000000080000000,0x0000000089ce9e50,0x0000000089d00000)
 Metaspace       used 78826K, committed 80512K, reserved 1179648K
  class space    used 8852K, committed 9600K, reserved 1048576K
}

