# JRE version: OpenJDK Runtime Environment Temurin-21.0.8+9 (21.0.8+9) (build 21.0.8+9-LTS)
# Java VM: OpenJDK 64-Bit Server VM Temurin-21.0.8+9 (21.0.8+9-LTS, mixed mode, sharing, tiered, compressed oops, compressed class ptrs, parallel gc, windows-amd64)
GC Precious Log:
 CardTable entry size: 512
 CPUs: 8 total, 8 available
 Memory: 16218M
 Large Page Support: Disabled
 NUMA Support: Disabled
 Compressed Oops: Enabled (32-bit)
 Alignments: Space 512K, Generation 512K, Heap 2M
 Heap Min Capacity: 100M
 Heap Initial Capacity: 100M
 Heap Max Capacity: 2G
 Pre-touch: Disabled
 Parallel Workers: 8
Heap:
 PSYoungGen      total 4608K, used 2798K [0x00000000d5580000, 0x00000000d5c80000, 0x0000000100000000)
  eden space 2560K, 43% used [0x00000000d5580000,0x00000000d5698718,0x00000000d5800000)
  from space 2048K, 81% used [0x00000000d5a80000,0x00000000d5c233b8,0x00000000d5c80000)
  to   space 2048K, 0% used [0x00000000d5880000,0x00000000d5880000,0x00000000d5a80000)
 ParOldGen       total 300544K, used 300515K [0x0000000080000000, 0x0000000092580000, 0x00000000d5580000)
  object space 300544K, 99% used [0x0000000080000000,0x0000000092578e78,0x0000000092580000)
 Metaspace       used 81184K, committed 82880K, reserved 1179648K
  class space    used 9073K, committed 9792K, reserved 1048576K
GC Heap History (20 events):
Event: 21.720 GC heap before
{Heap before GC invocations=384 (full 3):
 PSYoungGen      total 8704K, used 8681K [0x00000000d5580000, 0x00000000d6080000, 0x0000000100000000)
  eden space 8192K, 100% used [0x00000000d5580000,0x00000000d5d80000,0x00000000d5d80000)
  from space 512K, 95% used [0x00000000d6000000,0x00000000d607a640,0x00000000d6080000)
  to   space 1024K, 0% used [0x00000000d5e80000,0x00000000d5e80000,0x00000000d5f80000)
 ParOldGen       total 282624K, used 282220K [0x0000000080000000, 0x0000000091400000, 0x00000000d5580000)
  object space 282624K, 99% used [0x0000000080000000,0x000000009139b190,0x0000000091400000)
 Metaspace       used 80865K, committed 82560K, reserved 1179648K
  class space    used 9052K, committed 9792K, reserved 1048576K
}
Event: 21.722 GC heap after
{Heap after GC invocations=384 (full 3):
 PSYoungGen      total 9216K, used 419K [0x00000000d5580000, 0x00000000d6080000, 0x0000000100000000)
  eden space 8192K, 0% used [0x00000000d5580000,0x00000000d5580000,0x00000000d5d80000)
  from space 1024K, 41% used [0x00000000d5e80000,0x00000000d5ee8f60,0x00000000d5f80000)
  to   space 512K, 0% used [0x00000000d6000000,0x00000000d6000000,0x00000000d6080000)
 ParOldGen       total 284672K, used 284086K [0x0000000080000000, 0x0000000091600000, 0x00000000d5580000)
  object space 284672K, 99% used [0x0000000080000000,0x000000009156d8e8,0x0000000091600000)
 Metaspace       used 80865K, committed 82560K, reserved 1179648K
  class space    used 9052K, committed 9792K, reserved 1048576K
}
Event: 21.851 GC heap before
{Heap before GC invocations=385 (full 3):
 PSYoungGen      total 9216K, used 8611K [0x00000000d5580000, 0x00000000d6080000, 0x0000000100000000)
  eden space 8192K, 100% used [0x00000000d5580000,0x00000000d5d80000,0x00000000d5d80000)
  from space 1024K, 41% used [0x00000000d5e80000,0x00000000d5ee8f60,0x00000000d5f80000)
  to   space 512K, 0% used [0x00000000d6000000,0x00000000d6000000,0x00000000d6080000)
 ParOldGen       total 284672K, used 284086K [0x0000000080000000, 0x0000000091600000, 0x00000000d5580000)
  object space 284672K, 99% used [0x0000000080000000,0x000000009156d8e8,0x0000000091600000)
 Metaspace       used 80902K, committed 82560K, reserved 1179648K
  class space    used 9052K, committed 9792K, reserved 1048576K
}
Event: 21.853 GC heap after
{Heap after GC invocations=385 (full 3):
 PSYoungGen      total 8704K, used 504K [0x00000000d5580000, 0x00000000d6080000, 0x0000000100000000)
  eden space 8192K, 0% used [0x00000000d5580000,0x00000000d5580000,0x00000000d5d80000)
  from space 512K, 98% used [0x00000000d6000000,0x00000000d607e3d8,0x00000000d6080000)
  to   space 1024K, 0% used [0x00000000d5e80000,0x00000000d5e80000,0x00000000d5f80000)
 ParOldGen       total 284672K, used 284451K [0x0000000080000000, 0x0000000091600000, 0x00000000d5580000)
  object space 284672K, 99% used [0x0000000080000000,0x00000000915c8f68,0x0000000091600000)
 Metaspace       used 80902K, committed 82560K, reserved 1179648K
  class space    used 9052K, committed 9792K, reserved 1048576K
}
Event: 21.918 GC heap before
{Heap before GC invocations=386 (full 3):
 PSYoungGen      total 8704K, used 8696K [0x00000000d5580000, 0x00000000d6080000, 0x0000000100000000)
  eden space 8192K, 100% used [0x00000000d5580000,0x00000000d5d80000,0x00000000d5d80000)
  from space 512K, 98% used [0x00000000d6000000,0x00000000d607e3d8,0x00000000d6080000)
  to   space 1024K, 0% used [0x00000000d5e80000,0x00000000d5e80000,0x00000000d5f80000)
 ParOldGen       total 284672K, used 284451K [0x0000000080000000, 0x0000000091600000, 0x00000000d5580000)
  object space 284672K, 99% used [0x0000000080000000,0x00000000915c8f68,0x0000000091600000)
 Metaspace       used 80939K, committed 82624K, reserved 1179648K
  class space    used 9055K, committed 9792K, reserved 1048576K
}
Event: 21.921 GC heap after
{Heap after GC invocations=386 (full 3):
 PSYoungGen      total 9216K, used 447K [0x00000000d5580000, 0x00000000d6080000, 0x0000000100000000)
  eden space 8192K, 0% used [0x00000000d5580000,0x00000000d5580000,0x00000000d5d80000)
  from space 1024K, 43% used [0x00000000d5e80000,0x00000000d5eefe40,0x00000000d5f80000)
  to   space 1024K, 0% used [0x00000000d5f80000,0x00000000d5f80000,0x00000000d6080000)
 ParOldGen       total 285184K, used 284920K [0x0000000080000000, 0x0000000091680000, 0x00000000d5580000)
  object space 285184K, 99% used [0x0000000080000000,0x000000009163e250,0x0000000091680000)
 Metaspace       used 80939K, committed 82624K, reserved 1179648K
  class space    used 9055K, committed 9792K, reserved 1048576K
}
Event: 32.342 GC heap before
{Heap before GC invocations=387 (full 3):
 PSYoungGen      total 9216K, used 8639K [0x00000000d5580000, 0x00000000d6080000, 0x0000000100000000)
  eden space 8192K, 100% used [0x00000000d5580000,0x00000000d5d80000,0x00000000d5d80000)
  from space 1024K, 43% used [0x00000000d5e80000,0x00000000d5eefe40,0x00000000d5f80000)
  to   space 1024K, 0% used [0x00000000d5f80000,0x00000000d5f80000,0x00000000d6080000)
 ParOldGen       total 285184K, used 284920K [0x0000000080000000, 0x0000000091680000, 0x00000000d5580000)
  object space 285184K, 99% used [0x0000000080000000,0x000000009163e250,0x0000000091680000)
 Metaspace       used 81016K, committed 82688K, reserved 1179648K
  class space    used 9058K, committed 9792K, reserved 1048576K
}
Event: 32.345 GC heap after
{Heap after GC invocations=387 (full 3):
 PSYoungGen      total 9216K, used 896K [0x00000000d5580000, 0x00000000d6080000, 0x0000000100000000)
  eden space 8192K, 0% used [0x00000000d5580000,0x00000000d5580000,0x00000000d5d80000)
  from space 1024K, 87% used [0x00000000d5f80000,0x00000000d6060030,0x00000000d6080000)
  to   space 1024K, 0% used [0x00000000d5e80000,0x00000000d5e80000,0x00000000d5f80000)
 ParOldGen       total 285696K, used 285267K [0x0000000080000000, 0x0000000091700000, 0x00000000d5580000)
  object space 285696K, 99% used [0x0000000080000000,0x0000000091694d80,0x0000000091700000)
 Metaspace       used 81016K, committed 82688K, reserved 1179648K
  class space    used 9058K, committed 9792K, reserved 1048576K
}
Event: 202.058 GC heap before
{Heap before GC invocations=388 (full 3):
 PSYoungGen      total 9216K, used 8969K [0x00000000d5580000, 0x00000000d6080000, 0x0000000100000000)
  eden space 8192K, 98% used [0x00000000d5580000,0x00000000d5d62610,0x00000000d5d80000)
  from space 1024K, 87% used [0x00000000d5f80000,0x00000000d6060030,0x00000000d6080000)
  to   space 1024K, 0% used [0x00000000d5e80000,0x00000000d5e80000,0x00000000d5f80000)
 ParOldGen       total 285696K, used 285267K [0x0000000080000000, 0x0000000091700000, 0x00000000d5580000)
  object space 285696K, 99% used [0x0000000080000000,0x0000000091694d80,0x0000000091700000)
 Metaspace       used 81157K, committed 82880K, reserved 1179648K
  class space    used 9072K, committed 9792K, reserved 1048576K
}
Event: 202.061 GC heap after
{Heap after GC invocations=388 (full 3):
 PSYoungGen      total 9216K, used 1008K [0x00000000d5580000, 0x00000000d6380000, 0x0000000100000000)
  eden space 8192K, 0% used [0x00000000d5580000,0x00000000d5580000,0x00000000d5d80000)
  from space 1024K, 98% used [0x00000000d5e80000,0x00000000d5f7c0a0,0x00000000d5f80000)
  to   space 3072K, 0% used [0x00000000d6080000,0x00000000d6080000,0x00000000d6380000)
 ParOldGen       total 287232K, used 286861K [0x0000000080000000, 0x0000000091880000, 0x00000000d5580000)
  object space 287232K, 99% used [0x0000000080000000,0x0000000091823520,0x0000000091880000)
 Metaspace       used 81157K, committed 82880K, reserved 1179648K
  class space    used 9072K, committed 9792K, reserved 1048576K
}
Event: 202.282 GC heap before
{Heap before GC invocations=389 (full 3):
 PSYoungGen      total 9216K, used 9101K [0x00000000d5580000, 0x00000000d6380000, 0x0000000100000000)
  eden space 8192K, 98% used [0x00000000d5580000,0x00000000d5d67758,0x00000000d5d80000)
  from space 1024K, 98% used [0x00000000d5e80000,0x00000000d5f7c0a0,0x00000000d5f80000)
  to   space 3072K, 0% used [0x00000000d6080000,0x00000000d6080000,0x00000000d6380000)
 ParOldGen       total 287232K, used 286861K [0x0000000080000000, 0x0000000091880000, 0x00000000d5580000)
  object space 287232K, 99% used [0x0000000080000000,0x0000000091823520,0x0000000091880000)
 Metaspace       used 81160K, committed 82880K, reserved 1179648K
  class space    used 9072K, committed 9792K, reserved 1048576K
}
Event: 202.284 GC heap after
{Heap after GC invocations=389 (full 3):
 PSYoungGen      total 5632K, used 3063K [0x00000000d5580000, 0x00000000d6e80000, 0x0000000100000000)
  eden space 2560K, 0% used [0x00000000d5580000,0x00000000d5580000,0x00000000d5800000)
  from space 3072K, 99% used [0x00000000d6080000,0x00000000d637df80,0x00000000d6380000)
  to   space 8704K, 0% used [0x00000000d5800000,0x00000000d5800000,0x00000000d6080000)
 ParOldGen       total 291840K, used 291376K [0x0000000080000000, 0x0000000091d00000, 0x00000000d5580000)
  object space 291840K, 99% used [0x0000000080000000,0x0000000091c8c398,0x0000000091d00000)
 Metaspace       used 81160K, committed 82880K, reserved 1179648K
  class space    used 9072K, committed 9792K, reserved 1048576K
}
Event: 202.291 GC heap before
{Heap before GC invocations=390 (full 3):
 PSYoungGen      total 5632K, used 5605K [0x00000000d5580000, 0x00000000d6e80000, 0x0000000100000000)
  eden space 2560K, 99% used [0x00000000d5580000,0x00000000d57fb720,0x00000000d5800000)
  from space 3072K, 99% used [0x00000000d6080000,0x00000000d637df80,0x00000000d6380000)
  to   space 8704K, 0% used [0x00000000d5800000,0x00000000d5800000,0x00000000d6080000)
 ParOldGen       total 291840K, used 291376K [0x0000000080000000, 0x0000000091d00000, 0x00000000d5580000)
  object space 291840K, 99% used [0x0000000080000000,0x0000000091c8c398,0x0000000091d00000)
 Metaspace       used 81160K, committed 82880K, reserved 1179648K
  class space    used 9072K, committed 9792K, reserved 1048576K
}
Event: 202.293 GC heap after
{Heap after GC invocations=390 (full 3):
 PSYoungGen      total 5120K, used 2129K [0x00000000d5580000, 0x00000000d6100000, 0x0000000100000000)
  eden space 2560K, 0% used [0x00000000d5580000,0x00000000d5580000,0x00000000d5800000)
  from space 2560K, 83% used [0x00000000d5800000,0x00000000d5a14780,0x00000000d5a80000)
  to   space 4608K, 0% used [0x00000000d5c80000,0x00000000d5c80000,0x00000000d6100000)
 ParOldGen       total 294912K, used 294452K [0x0000000080000000, 0x0000000092000000, 0x00000000d5580000)
  object space 294912K, 99% used [0x0000000080000000,0x0000000091f8d008,0x0000000092000000)
 Metaspace       used 81160K, committed 82880K, reserved 1179648K
  class space    used 9072K, committed 9792K, reserved 1048576K
}
Event: 202.298 GC heap before
{Heap before GC invocations=391 (full 3):
 PSYoungGen      total 5120K, used 4688K [0x00000000d5580000, 0x00000000d6100000, 0x0000000100000000)
  eden space 2560K, 99% used [0x00000000d5580000,0x00000000d57ffb30,0x00000000d5800000)
  from space 2560K, 83% used [0x00000000d5800000,0x00000000d5a14780,0x00000000d5a80000)
  to   space 4608K, 0% used [0x00000000d5c80000,0x00000000d5c80000,0x00000000d6100000)
 ParOldGen       total 294912K, used 294452K [0x0000000080000000, 0x0000000092000000, 0x00000000d5580000)
  object space 294912K, 99% used [0x0000000080000000,0x0000000091f8d008,0x0000000092000000)
 Metaspace       used 81160K, committed 82880K, reserved 1179648K
  class space    used 9072K, committed 9792K, reserved 1048576K
}
Event: 202.300 GC heap after
{Heap after GC invocations=391 (full 3):
 PSYoungGen      total 5120K, used 2247K [0x00000000d5580000, 0x00000000d5f00000, 0x0000000100000000)
  eden space 2560K, 0% used [0x00000000d5580000,0x00000000d5580000,0x00000000d5800000)
  from space 2560K, 87% used [0x00000000d5c80000,0x00000000d5eb1e50,0x00000000d5f00000)
  to   space 2560K, 0% used [0x00000000d5800000,0x00000000d5800000,0x00000000d5a80000)
 ParOldGen       total 296960K, used 296450K [0x0000000080000000, 0x0000000092200000, 0x00000000d5580000)
  object space 296960K, 99% used [0x0000000080000000,0x0000000092180ae0,0x0000000092200000)
 Metaspace       used 81160K, committed 82880K, reserved 1179648K
  class space    used 9072K, committed 9792K, reserved 1048576K
}
Event: 202.308 GC heap before
{Heap before GC invocations=392 (full 3):
 PSYoungGen      total 5120K, used 4712K [0x00000000d5580000, 0x00000000d5f00000, 0x0000000100000000)
  eden space 2560K, 96% used [0x00000000d5580000,0x00000000d57e8520,0x00000000d5800000)
  from space 2560K, 87% used [0x00000000d5c80000,0x00000000d5eb1e50,0x00000000d5f00000)
  to   space 2560K, 0% used [0x00000000d5800000,0x00000000d5800000,0x00000000d5a80000)
 ParOldGen       total 296960K, used 296450K [0x0000000080000000, 0x0000000092200000, 0x00000000d5580000)
  object space 296960K, 99% used [0x0000000080000000,0x0000000092180ae0,0x0000000092200000)
 Metaspace       used 81163K, committed 82880K, reserved 1179648K
  class space    used 9072K, committed 9792K, reserved 1048576K
}
Event: 202.309 GC heap after
{Heap after GC invocations=392 (full 3):
 PSYoungGen      total 5120K, used 2054K [0x00000000d5580000, 0x00000000d5d00000, 0x0000000100000000)
  eden space 2560K, 0% used [0x00000000d5580000,0x00000000d5580000,0x00000000d5800000)
  from space 2560K, 80% used [0x00000000d5800000,0x00000000d5a019f8,0x00000000d5a80000)
  to   space 2560K, 0% used [0x00000000d5a80000,0x00000000d5a80000,0x00000000d5d00000)
 ParOldGen       total 299008K, used 298588K [0x0000000080000000, 0x0000000092400000, 0x00000000d5580000)
  object space 299008K, 99% used [0x0000000080000000,0x00000000923970e8,0x0000000092400000)
 Metaspace       used 81163K, committed 82880K, reserved 1179648K
  class space    used 9072K, committed 9792K, reserved 1048576K
}
Event: 202.322 GC heap before
{Heap before GC invocations=393 (full 3):
 PSYoungGen      total 5120K, used 4614K [0x00000000d5580000, 0x00000000d5d00000, 0x0000000100000000)
  eden space 2560K, 100% used [0x00000000d5580000,0x00000000d5800000,0x00000000d5800000)
  from space 2560K, 80% used [0x00000000d5800000,0x00000000d5a019f8,0x00000000d5a80000)
  to   space 2560K, 0% used [0x00000000d5a80000,0x00000000d5a80000,0x00000000d5d00000)
 ParOldGen       total 299008K, used 298588K [0x0000000080000000, 0x0000000092400000, 0x00000000d5580000)
  object space 299008K, 99% used [0x0000000080000000,0x00000000923970e8,0x0000000092400000)
 Metaspace       used 81173K, committed 82880K, reserved 1179648K
  class space    used 9072K, committed 9792K, reserved 1048576K
}
Event: 202.324 GC heap after
{Heap after GC invocations=393 (full 3):
 PSYoungGen      total 4608K, used 1676K [0x00000000d5580000, 0x00000000d5c80000, 0x0000000100000000)
  eden space 2560K, 0% used [0x00000000d5580000,0x00000000d5580000,0x00000000d5800000)
  from space 2048K, 81% used [0x00000000d5a80000,0x00000000d5c233b8,0x00000000d5c80000)
  to   space 2048K, 0% used [0x00000000d5880000,0x00000000d5880000,0x00000000d5a80000)
 ParOldGen       total 300544K, used 300515K [0x0000000080000000, 0x0000000092580000, 0x00000000d5580000)
  object space 300544K, 99% used [0x0000000080000000,0x0000000092578e78,0x0000000092580000)
 Metaspace       used 81173K, committed 82880K, reserved 1179648K
  class space    used 9072K, committed 9792K, reserved 1048576K
}

