# JRE version: OpenJDK Runtime Environment Temurin-21.0.8+9 (21.0.8+9) (build 21.0.8+9-LTS)
# Java VM: OpenJDK 64-Bit Server VM Temurin-21.0.8+9 (21.0.8+9-LTS, mixed mode, sharing, tiered, compressed oops, compressed class ptrs, parallel gc, windows-amd64)
GC Precious Log:
 CardTable entry size: 512
 CPUs: 8 total, 8 available
 Memory: 16218M
 Large Page Support: Disabled
 NUMA Support: Disabled
 Compressed Oops: Enabled (32-bit)
 Alignments: Space 512K, Generation 512K, Heap 2M
 Heap Min Capacity: 100M
 Heap Initial Capacity: 100M
 Heap Max Capacity: 2G
 Pre-touch: Disabled
 Parallel Workers: 8
Heap:
 PSYoungGen      total 4608K, used 3072K [0x00000000d5580000, 0x00000000d5d00000, 0x0000000100000000)
  eden space 2560K, 100% used [0x00000000d5580000,0x00000000d5800000,0x00000000d5800000)
  from space 2048K, 25% used [0x00000000d5900000,0x00000000d5980000,0x00000000d5b00000)
  to   space 1024K, 97% used [0x00000000d5c00000,0x00000000d5cf8620,0x00000000d5d00000)
 ParOldGen       total 327168K, used 327160K [0x0000000080000000, 0x0000000093f80000, 0x00000000d5580000)
  object space 327168K, 99% used [0x0000000080000000,0x0000000093f7e3d0,0x0000000093f80000)
 Metaspace       used 81388K, committed 83136K, reserved 1179648K
  class space    used 9131K, committed 9856K, reserved 1048576K
GC Heap History (20 events):
Event: 82.996 GC heap before
{Heap before GC invocations=647 (full 3):
 PSYoungGen      total 10240K, used 10233K [0x00000000d5580000, 0x00000000d6180000, 0x0000000100000000)
  eden space 9216K, 100% used [0x00000000d5580000,0x00000000d5e80000,0x00000000d5e80000)
  from space 1024K, 99% used [0x00000000d5e80000,0x00000000d5f7e7f8,0x00000000d5f80000)
  to   space 1536K, 0% used [0x00000000d6000000,0x00000000d6000000,0x00000000d6180000)
 ParOldGen       total 306688K, used 306321K [0x0000000080000000, 0x0000000092b80000, 0x00000000d5580000)
  object space 306688K, 99% used [0x0000000080000000,0x0000000092b24468,0x0000000092b80000)
 Metaspace       used 80950K, committed 82688K, reserved 1179648K
  class space    used 9065K, committed 9792K, reserved 1048576K
}
Event: 82.998 GC heap after
{Heap after GC invocations=647 (full 3):
 PSYoungGen      total 10240K, used 605K [0x00000000d5580000, 0x00000000d6100000, 0x0000000100000000)
  eden space 9216K, 0% used [0x00000000d5580000,0x00000000d5580000,0x00000000d5e80000)
  from space 1024K, 59% used [0x00000000d6000000,0x00000000d60975d0,0x00000000d6100000)
  to   space 1024K, 0% used [0x00000000d5e80000,0x00000000d5e80000,0x00000000d5f80000)
 ParOldGen       total 307200K, used 306906K [0x0000000080000000, 0x0000000092c00000, 0x00000000d5580000)
  object space 307200K, 99% used [0x0000000080000000,0x0000000092bb68d8,0x0000000092c00000)
 Metaspace       used 80950K, committed 82688K, reserved 1179648K
  class space    used 9065K, committed 9792K, reserved 1048576K
}
Event: 139.478 GC heap before
{Heap before GC invocations=648 (full 3):
 PSYoungGen      total 10240K, used 9716K [0x00000000d5580000, 0x00000000d6100000, 0x0000000100000000)
  eden space 9216K, 98% used [0x00000000d5580000,0x00000000d5e65a30,0x00000000d5e80000)
  from space 1024K, 59% used [0x00000000d6000000,0x00000000d60975d0,0x00000000d6100000)
  to   space 1024K, 0% used [0x00000000d5e80000,0x00000000d5e80000,0x00000000d5f80000)
 ParOldGen       total 307200K, used 306906K [0x0000000080000000, 0x0000000092c00000, 0x00000000d5580000)
  object space 307200K, 99% used [0x0000000080000000,0x0000000092bb68d8,0x0000000092c00000)
 Metaspace       used 81091K, committed 82816K, reserved 1179648K
  class space    used 9081K, committed 9792K, reserved 1048576K
}
Event: 139.480 GC heap after
{Heap after GC invocations=648 (full 3):
 PSYoungGen      total 10240K, used 1003K [0x00000000d5580000, 0x00000000d6480000, 0x0000000100000000)
  eden space 9216K, 0% used [0x00000000d5580000,0x00000000d5580000,0x00000000d5e80000)
  from space 1024K, 98% used [0x00000000d5e80000,0x00000000d5f7ae30,0x00000000d5f80000)
  to   space 3072K, 0% used [0x00000000d6180000,0x00000000d6180000,0x00000000d6480000)
 ParOldGen       total 308736K, used 308468K [0x0000000080000000, 0x0000000092d80000, 0x00000000d5580000)
  object space 308736K, 99% used [0x0000000080000000,0x0000000092d3d300,0x0000000092d80000)
 Metaspace       used 81091K, committed 82816K, reserved 1179648K
  class space    used 9081K, committed 9792K, reserved 1048576K
}
Event: 139.640 GC heap before
{Heap before GC invocations=649 (full 3):
 PSYoungGen      total 10240K, used 10219K [0x00000000d5580000, 0x00000000d6480000, 0x0000000100000000)
  eden space 9216K, 100% used [0x00000000d5580000,0x00000000d5e80000,0x00000000d5e80000)
  from space 1024K, 98% used [0x00000000d5e80000,0x00000000d5f7ae30,0x00000000d5f80000)
  to   space 3072K, 0% used [0x00000000d6180000,0x00000000d6180000,0x00000000d6480000)
 ParOldGen       total 308736K, used 308468K [0x0000000080000000, 0x0000000092d80000, 0x00000000d5580000)
  object space 308736K, 99% used [0x0000000080000000,0x0000000092d3d300,0x0000000092d80000)
 Metaspace       used 81096K, committed 82816K, reserved 1179648K
  class space    used 9081K, committed 9792K, reserved 1048576K
}
Event: 139.644 GC heap after
{Heap after GC invocations=649 (full 3):
 PSYoungGen      total 5632K, used 3051K [0x00000000d5580000, 0x00000000d7180000, 0x0000000100000000)
  eden space 2560K, 0% used [0x00000000d5580000,0x00000000d5580000,0x00000000d5800000)
  from space 3072K, 99% used [0x00000000d6180000,0x00000000d647aed8,0x00000000d6480000)
  to   space 9728K, 0% used [0x00000000d5800000,0x00000000d5800000,0x00000000d6180000)
 ParOldGen       total 314368K, used 313898K [0x0000000080000000, 0x0000000093300000, 0x00000000d5580000)
  object space 314368K, 99% used [0x0000000080000000,0x000000009328aaa0,0x0000000093300000)
 Metaspace       used 81096K, committed 82816K, reserved 1179648K
  class space    used 9081K, committed 9792K, reserved 1048576K
}
Event: 139.653 GC heap before
{Heap before GC invocations=650 (full 3):
 PSYoungGen      total 5632K, used 5088K [0x00000000d5580000, 0x00000000d7180000, 0x0000000100000000)
  eden space 2560K, 79% used [0x00000000d5580000,0x00000000d577d500,0x00000000d5800000)
  from space 3072K, 99% used [0x00000000d6180000,0x00000000d647aed8,0x00000000d6480000)
  to   space 9728K, 0% used [0x00000000d5800000,0x00000000d5800000,0x00000000d6180000)
 ParOldGen       total 314368K, used 313898K [0x0000000080000000, 0x0000000093300000, 0x00000000d5580000)
  object space 314368K, 99% used [0x0000000080000000,0x000000009328aaa0,0x0000000093300000)
 Metaspace       used 81096K, committed 82816K, reserved 1179648K
  class space    used 9081K, committed 9792K, reserved 1048576K
}
Event: 139.655 GC heap after
{Heap after GC invocations=650 (full 3):
 PSYoungGen      total 4608K, used 1691K [0x00000000d5580000, 0x00000000d6200000, 0x0000000100000000)
  eden space 2560K, 0% used [0x00000000d5580000,0x00000000d5580000,0x00000000d5800000)
  from space 2048K, 82% used [0x00000000d5800000,0x00000000d59a6fd8,0x00000000d5a00000)
  to   space 4608K, 0% used [0x00000000d5d80000,0x00000000d5d80000,0x00000000d6200000)
 ParOldGen       total 317440K, used 316929K [0x0000000080000000, 0x0000000093600000, 0x00000000d5580000)
  object space 317440K, 99% used [0x0000000080000000,0x00000000935806d8,0x0000000093600000)
 Metaspace       used 81096K, committed 82816K, reserved 1179648K
  class space    used 9081K, committed 9792K, reserved 1048576K
}
Event: 139.662 GC heap before
{Heap before GC invocations=651 (full 3):
 PSYoungGen      total 4608K, used 4251K [0x00000000d5580000, 0x00000000d6200000, 0x0000000100000000)
  eden space 2560K, 100% used [0x00000000d5580000,0x00000000d5800000,0x00000000d5800000)
  from space 2048K, 82% used [0x00000000d5800000,0x00000000d59a6fd8,0x00000000d5a00000)
  to   space 4608K, 0% used [0x00000000d5d80000,0x00000000d5d80000,0x00000000d6200000)
 ParOldGen       total 317440K, used 316929K [0x0000000080000000, 0x0000000093600000, 0x00000000d5580000)
  object space 317440K, 99% used [0x0000000080000000,0x00000000935806d8,0x0000000093600000)
 Metaspace       used 81096K, committed 82816K, reserved 1179648K
  class space    used 9081K, committed 9792K, reserved 1048576K
}
Event: 139.663 GC heap after
{Heap after GC invocations=651 (full 3):
 PSYoungGen      total 5120K, used 2351K [0x00000000d5580000, 0x00000000d6000000, 0x0000000100000000)
  eden space 2560K, 0% used [0x00000000d5580000,0x00000000d5580000,0x00000000d5800000)
  from space 2560K, 91% used [0x00000000d5d80000,0x00000000d5fcbf58,0x00000000d6000000)
  to   space 2560K, 0% used [0x00000000d5b00000,0x00000000d5b00000,0x00000000d5d80000)
 ParOldGen       total 318976K, used 318530K [0x0000000080000000, 0x0000000093780000, 0x00000000d5580000)
  object space 318976K, 99% used [0x0000000080000000,0x0000000093710a50,0x0000000093780000)
 Metaspace       used 81096K, committed 82816K, reserved 1179648K
  class space    used 9081K, committed 9792K, reserved 1048576K
}
Event: 139.700 GC heap before
{Heap before GC invocations=652 (full 3):
 PSYoungGen      total 5120K, used 4911K [0x00000000d5580000, 0x00000000d6000000, 0x0000000100000000)
  eden space 2560K, 100% used [0x00000000d5580000,0x00000000d5800000,0x00000000d5800000)
  from space 2560K, 91% used [0x00000000d5d80000,0x00000000d5fcbf58,0x00000000d6000000)
  to   space 2560K, 0% used [0x00000000d5b00000,0x00000000d5b00000,0x00000000d5d80000)
 ParOldGen       total 318976K, used 318530K [0x0000000080000000, 0x0000000093780000, 0x00000000d5580000)
  object space 318976K, 99% used [0x0000000080000000,0x0000000093710a50,0x0000000093780000)
 Metaspace       used 81096K, committed 82816K, reserved 1179648K
  class space    used 9081K, committed 9792K, reserved 1048576K
}
Event: 139.701 GC heap after
{Heap after GC invocations=652 (full 3):
 PSYoungGen      total 5120K, used 2207K [0x00000000d5580000, 0x00000000d5e00000, 0x0000000100000000)
  eden space 2560K, 0% used [0x00000000d5580000,0x00000000d5580000,0x00000000d5800000)
  from space 2560K, 86% used [0x00000000d5b00000,0x00000000d5d27f10,0x00000000d5d80000)
  to   space 512K, 0% used [0x00000000d5d80000,0x00000000d5d80000,0x00000000d5e00000)
 ParOldGen       total 321024K, used 320747K [0x0000000080000000, 0x0000000093980000, 0x00000000d5580000)
  object space 321024K, 99% used [0x0000000080000000,0x000000009393aee0,0x0000000093980000)
 Metaspace       used 81096K, committed 82816K, reserved 1179648K
  class space    used 9081K, committed 9792K, reserved 1048576K
}
Event: 139.719 GC heap before
{Heap before GC invocations=653 (full 3):
 PSYoungGen      total 5120K, used 4767K [0x00000000d5580000, 0x00000000d5e00000, 0x0000000100000000)
  eden space 2560K, 100% used [0x00000000d5580000,0x00000000d5800000,0x00000000d5800000)
  from space 2560K, 86% used [0x00000000d5b00000,0x00000000d5d27f10,0x00000000d5d80000)
  to   space 512K, 0% used [0x00000000d5d80000,0x00000000d5d80000,0x00000000d5e00000)
 ParOldGen       total 321024K, used 320747K [0x0000000080000000, 0x0000000093980000, 0x00000000d5580000)
  object space 321024K, 99% used [0x0000000080000000,0x000000009393aee0,0x0000000093980000)
 Metaspace       used 81119K, committed 82816K, reserved 1179648K
  class space    used 9081K, committed 9792K, reserved 1048576K
}
Event: 139.721 GC heap after
{Heap after GC invocations=653 (full 3):
 PSYoungGen      total 3072K, used 512K [0x00000000d5580000, 0x00000000d5f00000, 0x0000000100000000)
  eden space 2560K, 0% used [0x00000000d5580000,0x00000000d5580000,0x00000000d5800000)
  from space 512K, 100% used [0x00000000d5d80000,0x00000000d5e00000,0x00000000d5e00000)
  to   space 3584K, 0% used [0x00000000d5800000,0x00000000d5800000,0x00000000d5b80000)
 ParOldGen       total 323584K, used 323280K [0x0000000080000000, 0x0000000093c00000, 0x00000000d5580000)
  object space 323584K, 99% used [0x0000000080000000,0x0000000093bb4150,0x0000000093c00000)
 Metaspace       used 81119K, committed 82816K, reserved 1179648K
  class space    used 9081K, committed 9792K, reserved 1048576K
}
Event: 194.866 GC heap before
{Heap before GC invocations=654 (full 3):
 PSYoungGen      total 3072K, used 3072K [0x00000000d5580000, 0x00000000d5f00000, 0x0000000100000000)
  eden space 2560K, 100% used [0x00000000d5580000,0x00000000d5800000,0x00000000d5800000)
  from space 512K, 100% used [0x00000000d5d80000,0x00000000d5e00000,0x00000000d5e00000)
  to   space 3584K, 0% used [0x00000000d5800000,0x00000000d5800000,0x00000000d5b80000)
 ParOldGen       total 323584K, used 323280K [0x0000000080000000, 0x0000000093c00000, 0x00000000d5580000)
  object space 323584K, 99% used [0x0000000080000000,0x0000000093bb4150,0x0000000093c00000)
 Metaspace       used 81234K, committed 82944K, reserved 1179648K
  class space    used 9089K, committed 9792K, reserved 1048576K
}
Event: 194.868 GC heap after
{Heap after GC invocations=654 (full 3):
 PSYoungGen      total 6144K, used 329K [0x00000000d5580000, 0x00000000d5e00000, 0x0000000100000000)
  eden space 2560K, 0% used [0x00000000d5580000,0x00000000d5580000,0x00000000d5800000)
  from space 3584K, 9% used [0x00000000d5800000,0x00000000d5852400,0x00000000d5b80000)
  to   space 1536K, 0% used [0x00000000d5c80000,0x00000000d5c80000,0x00000000d5e00000)
 ParOldGen       total 324096K, used 323815K [0x0000000080000000, 0x0000000093c80000, 0x00000000d5580000)
  object space 324096K, 99% used [0x0000000080000000,0x0000000093c39cc0,0x0000000093c80000)
 Metaspace       used 81234K, committed 82944K, reserved 1179648K
  class space    used 9089K, committed 9792K, reserved 1048576K
}
Event: 194.903 GC heap before
{Heap before GC invocations=655 (full 3):
 PSYoungGen      total 6144K, used 2889K [0x00000000d5580000, 0x00000000d5e00000, 0x0000000100000000)
  eden space 2560K, 100% used [0x00000000d5580000,0x00000000d5800000,0x00000000d5800000)
  from space 3584K, 9% used [0x00000000d5800000,0x00000000d5852400,0x00000000d5b80000)
  to   space 1536K, 0% used [0x00000000d5c80000,0x00000000d5c80000,0x00000000d5e00000)
 ParOldGen       total 324096K, used 323815K [0x0000000080000000, 0x0000000093c80000, 0x00000000d5580000)
  object space 324096K, 99% used [0x0000000080000000,0x0000000093c39cc0,0x0000000093c80000)
 Metaspace       used 81340K, committed 83072K, reserved 1179648K
  class space    used 9127K, committed 9856K, reserved 1048576K
}
Event: 194.904 GC heap after
{Heap after GC invocations=655 (full 3):
 PSYoungGen      total 3072K, used 384K [0x00000000d5580000, 0x00000000d5d00000, 0x0000000100000000)
  eden space 2560K, 0% used [0x00000000d5580000,0x00000000d5580000,0x00000000d5800000)
  from space 512K, 75% used [0x00000000d5c80000,0x00000000d5ce0000,0x00000000d5d00000)
  to   space 1024K, 0% used [0x00000000d5b00000,0x00000000d5b00000,0x00000000d5c00000)
 ParOldGen       total 324096K, used 324008K [0x0000000080000000, 0x0000000093c80000, 0x00000000d5580000)
  object space 324096K, 99% used [0x0000000080000000,0x0000000093c6a0c0,0x0000000093c80000)
 Metaspace       used 81340K, committed 83072K, reserved 1179648K
  class space    used 9127K, committed 9856K, reserved 1048576K
}
Event: 194.917 GC heap before
{Heap before GC invocations=656 (full 3):
 PSYoungGen      total 3072K, used 2944K [0x00000000d5580000, 0x00000000d5d00000, 0x0000000100000000)
  eden space 2560K, 100% used [0x00000000d5580000,0x00000000d5800000,0x00000000d5800000)
  from space 512K, 75% used [0x00000000d5c80000,0x00000000d5ce0000,0x00000000d5d00000)
  to   space 1024K, 0% used [0x00000000d5b00000,0x00000000d5b00000,0x00000000d5c00000)
 ParOldGen       total 324096K, used 324008K [0x0000000080000000, 0x0000000093c80000, 0x00000000d5580000)
  object space 324096K, 99% used [0x0000000080000000,0x0000000093c6a0c0,0x0000000093c80000)
 Metaspace       used 81358K, committed 83072K, reserved 1179648K
  class space    used 9129K, committed 9856K, reserved 1048576K
}
Event: 194.918 GC heap after
{Heap after GC invocations=656 (full 3):
 PSYoungGen      total 3584K, used 256K [0x00000000d5580000, 0x00000000d5d00000, 0x0000000100000000)
  eden space 2560K, 0% used [0x00000000d5580000,0x00000000d5580000,0x00000000d5800000)
  from space 1024K, 25% used [0x00000000d5b00000,0x00000000d5b40000,0x00000000d5c00000)
  to   space 512K, 0% used [0x00000000d5c80000,0x00000000d5c80000,0x00000000d5d00000)
 ParOldGen       total 324608K, used 324336K [0x0000000080000000, 0x0000000093d00000, 0x00000000d5580000)
  object space 324608K, 99% used [0x0000000080000000,0x0000000093cbc0c0,0x0000000093d00000)
 Metaspace       used 81358K, committed 83072K, reserved 1179648K
  class space    used 9129K, committed 9856K, reserved 1048576K
}

