<?xml version="1.0" encoding="UTF-8"?>
<testsuite xmlns:xsi="http://www.w3.org/2001/XMLSchema-instance" xsi:noNamespaceSchemaLocation="https://maven.apache.org/surefire/maven-surefire-plugin/xsd/surefire-test-report.xsd" version="3.0.2" name="com.careconnect.security.RateLimitingFilterUnitTest" time="0.54" tests="6" errors="0" skipped="0" failures="0">
  <properties>
[...]
</properties>
  <testcase name="testRateLimitHeaders" classname="com.careconnect.security.RateLimitingFilterUnitTest" time="0.51"/>
  <testcase name="testAiChatRateLimit" classname="com.careconnect.security.RateLimitingFilterUnitTest" time="0.01">
    <system-out><![CDATA[17:09:42.313 [main] WARN com.careconnect.security.RateLimitingFilter -- Per-minute rate limit exceeded for user: ip:127.0.0.1 on endpoint: /v1/api/ai-chat/
]]></system-out>
  </testcase>
  <testcase name="testExtendedRateLimit" classname="com.careconnect.security.RateLimitingFilterUnitTest" time="0.002"/>
  <testcase name="testAuthenticatedUser" classname="com.careconnect.security.RateLimitingFilterUnitTest" time="0.002"/>
  <testcase name="testLoginRateLimit" classname="com.careconnect.security.RateLimitingFilterUnitTest" time="0.004">
    <system-out><![CDATA[17:09:42.324 [main] WARN com.careconnect.security.RateLimitingFilter -- Per-minute rate limit exceeded for user: ip:127.0.0.1 on endpoint: /v1/api/auth/login
]]></system-out>
  </testcase>
  <testcase name="testSkipRateLimitingForHealthCheck" classname="com.careconnect.security.RateLimitingFilterUnitTest" time="0.001"/>
</testsuite>